<?xml version="1.0" encoding="UTF-8"?>
<testsuite xmlns:xsi="http://www.w3.org/2001/XMLSchema-instance" xsi:noNamespaceSchemaLocation="https://maven.apache.org/surefire/maven-failsafe-plugin/xsd/failsafe-test-report-3.0.xsd" version="3.0" name="Retrieve a user based on different categories" time="2.537" tests="10" errors="0" skipped="0" failures="0">
  <properties>
[...]
</properties>
  <testcase name="End user makes call to web service to retrieve user by username" classname="Retrieve a user based on different categories" time="1.799"/>
  <testcase name="End user makes call to web service to retrieve user by email" classname="Retrieve a user based on different categories" time="0.063"/>
  <testcase name="End user makes call to web service to retrieve user by phone" classname="Retrieve a user based on different categories" time="0.104"/>
  <testcase name="End user makes call to web service to retrieve user by website" classname="Retrieve a user based on different categories" time="0.073"/>
  <testcase name="End user makes call to web service to retrieve user by id" classname="Retrieve a user based on different categories" time="0.105"/>
  <testcase name="End user makes call to web service to retrieve user by name" classname="Retrieve a user based on different categories" time="0.078"/>
  <testcase name="End user makes call to web service to retrieve user by company name" classname="Retrieve a user based on different categories" time="0.073"/>
  <testcase name="End user makes call to web service to retrieve user by company catch phrase" classname="Retrieve a user based on different categories" time="0.074"/>
  <testcase name="End user makes call to web service to retrieve user by street address" classname="Retrieve a user based on different categories" time="0.078"/>
  <testcase name="End user makes call to web service to retrieve user by non existent username" classname="Retrieve a user based on different categories" time="0.074"/>
</testsuite>