<?xml version="1.0" encoding="UTF-8"?>
<testsuite xmlns:xsi="http://www.w3.org/2001/XMLSchema-instance" xsi:noNamespaceSchemaLocation="https://maven.apache.org/surefire/maven-failsafe-plugin/xsd/failsafe-test-report-3.0.xsd" version="3.0" name="Search for posts written by a user" time="2.216" tests="6" errors="0" skipped="0" failures="0">
  <properties>
[...]
</properties>
  <testcase name="End user makes call to web service to retrieve posts by userId" classname="Search for posts written by a user" time="1.695"/>
  <testcase name="End user makes call to web service to retrieve posts by title" classname="Search for posts written by a user" time="0.136"/>
  <testcase name="End user makes call to web service to retrieve posts by id" classname="Search for posts written by a user" time="0.104"/>
  <testcase name="End user makes call to web service to retrieve posts by non-existent userId" classname="Search for posts written by a user" time="0.088"/>
  <testcase name="End user makes call to web service to retrieve posts by non-existent title" classname="Search for posts written by a user" time="0.088"/>
  <testcase name="End user makes call to web service to retrieve posts by non-existent id" classname="Search for posts written by a user" time="0.105"/>
</testsuite>